Connecting to database specified by database.yml
  [1m[36m (0.2ms)[0m  [1mselect sqlite_version(*)[0m
  [1m[35m (125.8ms)[0m  CREATE TABLE "schema_migrations" ("version" varchar(255) NOT NULL) 
  [1m[36m (0.1ms)[0m  [1mPRAGMA index_list("schema_migrations")[0m
  [1m[35m (155.9ms)[0m  CREATE UNIQUE INDEX "unique_schema_migrations" ON "schema_migrations" ("version")
  [1m[36m (17.9ms)[0m  [1mSELECT "schema_migrations"."version" FROM "schema_migrations" [0m
Migrating to CreateUsers (20121117234643)
  [1m[35m (0.1ms)[0m  begin transaction
  [1m[36m (0.9ms)[0m  [1mCREATE TABLE "users" ("id" INTEGER PRIMARY KEY AUTOINCREMENT NOT NULL, "login" varchar(255) NOT NULL, "email" varchar(255) NOT NULL, "name" varchar(255), "surname" varchar(255), "key" varchar(255)) [0m
  [1m[35m (0.1ms)[0m  PRAGMA index_list("users")
  [1m[36m (0.5ms)[0m  [1mCREATE UNIQUE INDEX "index_users_on_email" ON "users" ("email")[0m
  [1m[35m (0.1ms)[0m  INSERT INTO "schema_migrations" ("version") VALUES ('20121117234643')
  [1m[36m (125.7ms)[0m  [1mcommit transaction[0m
Migrating to CreateHosts (20121117235259)
  [1m[35m (0.1ms)[0m  begin transaction
  [1m[36m (0.5ms)[0m  [1mCREATE TABLE "hosts" ("id" INTEGER PRIMARY KEY AUTOINCREMENT NOT NULL, "name" varchar(255) NOT NULL, "monitor_id" integer NOT NULL) [0m
  [1m[35m (0.1ms)[0m  PRAGMA index_list("hosts")
  [1m[36m (0.2ms)[0m  [1mCREATE INDEX "index_hosts_on_monitor_id" ON "hosts" ("monitor_id")[0m
  [1m[35m (0.1ms)[0m  PRAGMA index_list("hosts")
  [1m[36m (0.1ms)[0m  [1mPRAGMA index_info('index_hosts_on_monitor_id')[0m
  [1m[35m (0.2ms)[0m  CREATE UNIQUE INDEX "index_hosts_on_monitor_id_and_name" ON "hosts" ("monitor_id", "name")
  [1m[36m (0.1ms)[0m  [1mINSERT INTO "schema_migrations" ("version") VALUES ('20121117235259')[0m
  [1m[35m (127.4ms)[0m  commit transaction
Migrating to CreateFeeds (20121129002124)
  [1m[36m (0.1ms)[0m  [1mbegin transaction[0m
  [1m[35m (0.6ms)[0m  CREATE TABLE "feeds" ("id" INTEGER PRIMARY KEY AUTOINCREMENT NOT NULL, "name" varchar(255) NOT NULL, "host_id" integer, "monitor_id" integer NOT NULL, "uri" varchar(255) NOT NULL) 
  [1m[36m (0.1ms)[0m  [1mPRAGMA index_list("feeds")[0m
  [1m[35m (0.3ms)[0m  CREATE INDEX "index_feeds_on_name" ON "feeds" ("name")
  [1m[36m (0.1ms)[0m  [1mPRAGMA index_list("feeds")[0m
  [1m[35m (0.1ms)[0m  PRAGMA index_info('index_feeds_on_name')
  [1m[36m (0.5ms)[0m  [1mCREATE UNIQUE INDEX "index_feeds_on_monitor_id_and_name" ON "feeds" ("monitor_id", "name")[0m
  [1m[35m (0.5ms)[0m  CREATE TABLE "users_feeds" ("id" INTEGER PRIMARY KEY AUTOINCREMENT NOT NULL, "user_id" integer NOT NULL, "feed_id" integer NOT NULL) 
  [1m[36m (0.0ms)[0m  [1mPRAGMA index_list("users_feeds")[0m
  [1m[35m (0.2ms)[0m  CREATE UNIQUE INDEX "index_users_feeds_on_user_id_and_feed_id" ON "users_feeds" ("user_id", "feed_id")
  [1m[36m (0.2ms)[0m  [1mINSERT INTO "schema_migrations" ("version") VALUES ('20121129002124')[0m
  [1m[35m (119.5ms)[0m  commit transaction
Migrating to CreateMonitors (20121216083753)
  [1m[36m (0.1ms)[0m  [1mbegin transaction[0m
  [1m[35m (0.7ms)[0m  CREATE TABLE "monitors" ("id" INTEGER PRIMARY KEY AUTOINCREMENT NOT NULL, "name" varchar(255) NOT NULL) 
  [1m[36m (0.1ms)[0m  [1mPRAGMA index_list("monitors")[0m
  [1m[35m (0.5ms)[0m  CREATE UNIQUE INDEX "index_monitors_on_name" ON "monitors" ("name")
  [1m[36m (0.3ms)[0m  [1mINSERT INTO "schema_migrations" ("version") VALUES ('20121216083753')[0m
  [1m[35m (114.3ms)[0m  commit transaction
  [1m[36m (0.4ms)[0m  [1mselect sqlite_version(*)[0m
  [1m[35m (0.1ms)[0m  SELECT "schema_migrations"."version" FROM "schema_migrations" 
  [1m[36m (0.1ms)[0m  [1mPRAGMA index_list("feeds")[0m
  [1m[35m (0.1ms)[0m  PRAGMA index_info('index_feeds_on_monitor_id_and_name')
  [1m[36m (0.0ms)[0m  [1mPRAGMA index_info('index_feeds_on_name')[0m
  [1m[35m (0.1ms)[0m  PRAGMA index_list("hosts")
  [1m[36m (0.1ms)[0m  [1mPRAGMA index_info('index_hosts_on_monitor_id_and_name')[0m
  [1m[35m (0.0ms)[0m  PRAGMA index_info('index_hosts_on_monitor_id')
  [1m[36m (0.1ms)[0m  [1mPRAGMA index_list("monitors")[0m
  [1m[35m (0.0ms)[0m  PRAGMA index_info('index_monitors_on_name')
  [1m[36m (0.1ms)[0m  [1mPRAGMA index_list("users")[0m
  [1m[35m (0.1ms)[0m  PRAGMA index_info('index_users_on_email')
  [1m[36m (0.1ms)[0m  [1mPRAGMA index_list("users_feeds")[0m
  [1m[35m (0.1ms)[0m  PRAGMA index_info('index_users_feeds_on_user_id_and_feed_id')
Connecting to database specified by database.yml
  [1m[36m (0.5ms)[0m  [1mbegin transaction[0m
  [1m[35mFixture Delete (0.2ms)[0m  DELETE FROM "users"
  [1m[36mFixture Insert (0.2ms)[0m  [1mINSERT INTO "users" ("login", "name", "surname", "email", "id") VALUES ('abc', 'MyString', 'MyString', 'a@a.pl', 980190962)[0m
  [1m[35mFixture Insert (0.1ms)[0m  INSERT INTO "users" ("login", "name", "surname", "email", "id") VALUES ('qwe', 'MyString', 'MyString', 'q@a.pl', 298486374)
  [1m[36m (147.6ms)[0m  [1mcommit transaction[0m
  [1m[35m (0.2ms)[0m  begin transaction
  [1m[36mFixture Delete (0.3ms)[0m  [1mDELETE FROM "feeds"[0m
  [1m[35mFixture Insert (0.4ms)[0m  INSERT INTO "feeds" ("name", "mid", "id") VALUES ('MyString', NULL, 980190962)
SQLite3::SQLException: table feeds has no column named mid: INSERT INTO "feeds" ("name", "mid", "id") VALUES ('MyString', NULL, 980190962)
  [1m[36m (0.2ms)[0m  [1mrollback transaction[0m
Connecting to database specified by database.yml
  [1m[36m (0.2ms)[0m  [1mselect sqlite_version(*)[0m
  [1m[35m (139.4ms)[0m  CREATE TABLE "schema_migrations" ("version" varchar(255) NOT NULL) 
  [1m[36m (0.1ms)[0m  [1mPRAGMA index_list("schema_migrations")[0m
  [1m[35m (133.6ms)[0m  CREATE UNIQUE INDEX "unique_schema_migrations" ON "schema_migrations" ("version")
  [1m[36m (39.6ms)[0m  [1mSELECT "schema_migrations"."version" FROM "schema_migrations" [0m
Migrating to CreateUsers (20121117234643)
  [1m[35m (0.1ms)[0m  begin transaction
  [1m[36m (0.4ms)[0m  [1mCREATE TABLE "users" ("id" INTEGER PRIMARY KEY AUTOINCREMENT NOT NULL, "login" varchar(255) NOT NULL, "email" varchar(255) NOT NULL, "name" varchar(255), "surname" varchar(255), "key" varchar(255)) [0m
  [1m[35m (0.1ms)[0m  PRAGMA index_list("users")
  [1m[36m (0.2ms)[0m  [1mCREATE UNIQUE INDEX "index_users_on_email" ON "users" ("email")[0m
  [1m[35m (0.1ms)[0m  INSERT INTO "schema_migrations" ("version") VALUES ('20121117234643')
  [1m[36m (130.5ms)[0m  [1mcommit transaction[0m
Migrating to CreateHosts (20121117235259)
  [1m[35m (0.1ms)[0m  begin transaction
  [1m[36m (0.3ms)[0m  [1mCREATE TABLE "hosts" ("id" INTEGER PRIMARY KEY AUTOINCREMENT NOT NULL, "name" varchar(255) NOT NULL, "monitor_id" integer NOT NULL) [0m
  [1m[35m (0.1ms)[0m  PRAGMA index_list("hosts")
  [1m[36m (0.2ms)[0m  [1mCREATE INDEX "index_hosts_on_monitor_id" ON "hosts" ("monitor_id")[0m
  [1m[35m (0.1ms)[0m  PRAGMA index_list("hosts")
  [1m[36m (0.1ms)[0m  [1mPRAGMA index_info('index_hosts_on_monitor_id')[0m
  [1m[35m (0.2ms)[0m  CREATE UNIQUE INDEX "index_hosts_on_monitor_id_and_name" ON "hosts" ("monitor_id", "name")
  [1m[36m (0.1ms)[0m  [1mINSERT INTO "schema_migrations" ("version") VALUES ('20121117235259')[0m
  [1m[35m (129.1ms)[0m  commit transaction
Migrating to CreateFeeds (20121129002124)
  [1m[36m (0.1ms)[0m  [1mbegin transaction[0m
  [1m[35m (0.3ms)[0m  CREATE TABLE "feeds" ("id" INTEGER PRIMARY KEY AUTOINCREMENT NOT NULL, "name" varchar(255) NOT NULL, "host_id" integer, "monitor_id" integer NOT NULL, "uri" varchar(255) NOT NULL) 
  [1m[36m (0.1ms)[0m  [1mPRAGMA index_list("feeds")[0m
  [1m[35m (0.1ms)[0m  CREATE INDEX "index_feeds_on_name" ON "feeds" ("name")
  [1m[36m (0.1ms)[0m  [1mPRAGMA index_list("feeds")[0m
  [1m[35m (0.0ms)[0m  PRAGMA index_info('index_feeds_on_name')
  [1m[36m (0.2ms)[0m  [1mCREATE UNIQUE INDEX "index_feeds_on_monitor_id_and_name" ON "feeds" ("monitor_id", "name")[0m
  [1m[35m (0.2ms)[0m  CREATE TABLE "users_feeds" ("id" INTEGER PRIMARY KEY AUTOINCREMENT NOT NULL, "user_id" integer NOT NULL, "feed_id" integer NOT NULL) 
  [1m[36m (0.0ms)[0m  [1mPRAGMA index_list("users_feeds")[0m
  [1m[35m (0.2ms)[0m  CREATE UNIQUE INDEX "index_users_feeds_on_user_id_and_feed_id" ON "users_feeds" ("user_id", "feed_id")
  [1m[36m (0.1ms)[0m  [1mINSERT INTO "schema_migrations" ("version") VALUES ('20121129002124')[0m
  [1m[35m (137.3ms)[0m  commit transaction
Migrating to CreateMonitors (20121216083753)
  [1m[36m (0.1ms)[0m  [1mbegin transaction[0m
  [1m[35m (0.7ms)[0m  CREATE TABLE "monitors" ("id" INTEGER PRIMARY KEY AUTOINCREMENT NOT NULL, "name" varchar(255) NOT NULL) 
  [1m[36m (0.1ms)[0m  [1mPRAGMA index_list("monitors")[0m
  [1m[35m (0.5ms)[0m  CREATE UNIQUE INDEX "index_monitors_on_name" ON "monitors" ("name")
  [1m[36m (0.2ms)[0m  [1mINSERT INTO "schema_migrations" ("version") VALUES ('20121216083753')[0m
  [1m[35m (114.7ms)[0m  commit transaction
  [1m[36m (0.4ms)[0m  [1mselect sqlite_version(*)[0m
  [1m[35m (0.1ms)[0m  SELECT "schema_migrations"."version" FROM "schema_migrations" 
  [1m[36m (0.1ms)[0m  [1mPRAGMA index_list("feeds")[0m
  [1m[35m (0.1ms)[0m  PRAGMA index_info('index_feeds_on_monitor_id_and_name')
  [1m[36m (0.0ms)[0m  [1mPRAGMA index_info('index_feeds_on_name')[0m
  [1m[35m (0.1ms)[0m  PRAGMA index_list("hosts")
  [1m[36m (0.1ms)[0m  [1mPRAGMA index_info('index_hosts_on_monitor_id_and_name')[0m
  [1m[35m (0.0ms)[0m  PRAGMA index_info('index_hosts_on_monitor_id')
  [1m[36m (0.1ms)[0m  [1mPRAGMA index_list("monitors")[0m
  [1m[35m (0.0ms)[0m  PRAGMA index_info('index_monitors_on_name')
  [1m[36m (0.1ms)[0m  [1mPRAGMA index_list("users")[0m
  [1m[35m (0.0ms)[0m  PRAGMA index_info('index_users_on_email')
  [1m[36m (0.1ms)[0m  [1mPRAGMA index_list("users_feeds")[0m
  [1m[35m (0.1ms)[0m  PRAGMA index_info('index_users_feeds_on_user_id_and_feed_id')
Connecting to database specified by database.yml
  [1m[36m (0.5ms)[0m  [1mbegin transaction[0m
  [1m[35mFixture Delete (0.2ms)[0m  DELETE FROM "users"
  [1m[36mFixture Insert (0.2ms)[0m  [1mINSERT INTO "users" ("login", "name", "surname", "email", "id") VALUES ('abc', 'MyString', 'MyString', 'a@a.pl', 980190962)[0m
  [1m[35mFixture Insert (0.1ms)[0m  INSERT INTO "users" ("login", "name", "surname", "email", "id") VALUES ('qwe', 'MyString', 'MyString', 'q@a.pl', 298486374)
  [1m[36m (157.5ms)[0m  [1mcommit transaction[0m
  [1m[35m (0.1ms)[0m  begin transaction
  [1m[36mFixture Delete (0.3ms)[0m  [1mDELETE FROM "feeds"[0m
  [1m[35mFixture Insert (0.2ms)[0m  INSERT INTO "feeds" ("name", "mid", "id") VALUES ('MyString', NULL, 980190962)
SQLite3::SQLException: table feeds has no column named mid: INSERT INTO "feeds" ("name", "mid", "id") VALUES ('MyString', NULL, 980190962)
  [1m[36m (0.1ms)[0m  [1mrollback transaction[0m


Started GET "/" for 127.0.0.1 at 2012-12-16 13:25:12 +0100
Connecting to database specified by database.yml
Processing by RootController#about as HTML
Completed 200 OK in 25ms (Views: 0.5ms | ActiveRecord: 0.0ms)


Started GET "/monitors" for 127.0.0.1 at 2012-12-16 13:25:23 +0100

SyntaxError (/home/kliput/Programowanie/hipermedialne/git4/hiperprojekt/katalog/app/controllers/monitors_controller.rb:16: syntax error, unexpected tSYMBEG, expecting '}'
        :uri => get_monitor_uri(monitor.id),
         ^
/home/kliput/Programowanie/hipermedialne/git4/hiperprojekt/katalog/app/controllers/monitors_controller.rb:16: syntax error, unexpected ',', expecting keyword_end
/home/kliput/Programowanie/hipermedialne/git4/hiperprojekt/katalog/app/controllers/monitors_controller.rb:37: syntax error, unexpected $end, expecting keyword_end):
  activesupport (3.2.8) lib/active_support/dependencies.rb:469:in `load'
  activesupport (3.2.8) lib/active_support/dependencies.rb:469:in `block in load_file'
  activesupport (3.2.8) lib/active_support/dependencies.rb:639:in `new_constants_in'
  activesupport (3.2.8) lib/active_support/dependencies.rb:468:in `load_file'
  activesupport (3.2.8) lib/active_support/dependencies.rb:353:in `require_or_load'
  activesupport (3.2.8) lib/active_support/dependencies.rb:502:in `load_missing_constant'
  activesupport (3.2.8) lib/active_support/dependencies.rb:192:in `block in const_missing'
  activesupport (3.2.8) lib/active_support/dependencies.rb:190:in `each'
  activesupport (3.2.8) lib/active_support/dependencies.rb:190:in `const_missing'
  activesupport (3.2.8) lib/active_support/inflector/methods.rb:230:in `block in constantize'
  activesupport (3.2.8) lib/active_support/inflector/methods.rb:229:in `each'
  activesupport (3.2.8) lib/active_support/inflector/methods.rb:229:in `constantize'
  activesupport (3.2.8) lib/active_support/dependencies.rb:554:in `get'
  actionpack (3.2.8) lib/action_dispatch/routing/route_set.rb:69:in `controller_reference'
  actionpack (3.2.8) lib/action_dispatch/routing/route_set.rb:54:in `controller'
  actionpack (3.2.8) lib/action_dispatch/routing/route_set.rb:32:in `call'
  journey (1.0.4) lib/journey/router.rb:68:in `block in call'
  journey (1.0.4) lib/journey/router.rb:56:in `each'
  journey (1.0.4) lib/journey/router.rb:56:in `call'
  actionpack (3.2.8) lib/action_dispatch/routing/route_set.rb:600:in `call'
  actionpack (3.2.8) lib/action_dispatch/middleware/best_standards_support.rb:17:in `call'
  rack (1.4.1) lib/rack/etag.rb:23:in `call'
  rack (1.4.1) lib/rack/conditionalget.rb:25:in `call'
  actionpack (3.2.8) lib/action_dispatch/middleware/head.rb:14:in `call'
  actionpack (3.2.8) lib/action_dispatch/middleware/params_parser.rb:21:in `call'
  actionpack (3.2.8) lib/action_dispatch/middleware/flash.rb:242:in `call'
  rack (1.4.1) lib/rack/session/abstract/id.rb:205:in `context'
  rack (1.4.1) lib/rack/session/abstract/id.rb:200:in `call'
  actionpack (3.2.8) lib/action_dispatch/middleware/cookies.rb:339:in `call'
  activerecord (3.2.8) lib/active_record/query_cache.rb:64:in `call'
  activerecord (3.2.8) lib/active_record/connection_adapters/abstract/connection_pool.rb:473:in `call'
  actionpack (3.2.8) lib/action_dispatch/middleware/callbacks.rb:28:in `block in call'
  activesupport (3.2.8) lib/active_support/callbacks.rb:405:in `_run__2634856164343672322__call__2452098908451003522__callbacks'
  activesupport (3.2.8) lib/active_support/callbacks.rb:405:in `__run_callback'
  activesupport (3.2.8) lib/active_support/callbacks.rb:385:in `_run_call_callbacks'
  activesupport (3.2.8) lib/active_support/callbacks.rb:81:in `run_callbacks'
  actionpack (3.2.8) lib/action_dispatch/middleware/callbacks.rb:27:in `call'
  actionpack (3.2.8) lib/action_dispatch/middleware/reloader.rb:65:in `call'
  actionpack (3.2.8) lib/action_dispatch/middleware/remote_ip.rb:31:in `call'
  actionpack (3.2.8) lib/action_dispatch/middleware/debug_exceptions.rb:16:in `call'
  actionpack (3.2.8) lib/action_dispatch/middleware/show_exceptions.rb:56:in `call'
  railties (3.2.8) lib/rails/rack/logger.rb:26:in `call_app'
  railties (3.2.8) lib/rails/rack/logger.rb:16:in `call'
  actionpack (3.2.8) lib/action_dispatch/middleware/request_id.rb:22:in `call'
  rack (1.4.1) lib/rack/methodoverride.rb:21:in `call'
  rack (1.4.1) lib/rack/runtime.rb:17:in `call'
  activesupport (3.2.8) lib/active_support/cache/strategy/local_cache.rb:72:in `call'
  rack (1.4.1) lib/rack/lock.rb:15:in `call'
  actionpack (3.2.8) lib/action_dispatch/middleware/static.rb:62:in `call'
  railties (3.2.8) lib/rails/engine.rb:479:in `call'
  railties (3.2.8) lib/rails/application.rb:223:in `call'
  rack (1.4.1) lib/rack/content_length.rb:14:in `call'
  railties (3.2.8) lib/rails/rack/log_tailer.rb:17:in `call'
  rack (1.4.1) lib/rack/handler/webrick.rb:59:in `service'
  /home/kliput/.rvm/rubies/ruby-1.9.3-p327/lib/ruby/1.9.1/webrick/httpserver.rb:138:in `service'
  /home/kliput/.rvm/rubies/ruby-1.9.3-p327/lib/ruby/1.9.1/webrick/httpserver.rb:94:in `run'
  /home/kliput/.rvm/rubies/ruby-1.9.3-p327/lib/ruby/1.9.1/webrick/server.rb:191:in `block in start_thread'


  Rendered /home/kliput/.rvm/gems/ruby-1.9.3-p327/gems/actionpack-3.2.8/lib/action_dispatch/middleware/templates/rescues/_trace.erb (2.0ms)
  Rendered /home/kliput/.rvm/gems/ruby-1.9.3-p327/gems/actionpack-3.2.8/lib/action_dispatch/middleware/templates/rescues/_request_and_response.erb (1.5ms)
  Rendered /home/kliput/.rvm/gems/ruby-1.9.3-p327/gems/actionpack-3.2.8/lib/action_dispatch/middleware/templates/rescues/diagnostics.erb within rescues/layout (16.7ms)


Started GET "/monitors" for 127.0.0.1 at 2012-12-16 13:31:52 +0100
Processing by MonitorsController#index as HTML
Completed 500 Internal Server Error in 1ms

NoMethodError (undefined method `all' for Monitor:Class):
  app/controllers/monitors_controller.rb:8:in `index'


  Rendered /home/kliput/.rvm/gems/ruby-1.9.3-p327/gems/actionpack-3.2.8/lib/action_dispatch/middleware/templates/rescues/_trace.erb (2.0ms)
  Rendered /home/kliput/.rvm/gems/ruby-1.9.3-p327/gems/actionpack-3.2.8/lib/action_dispatch/middleware/templates/rescues/_request_and_response.erb (1.7ms)
  Rendered /home/kliput/.rvm/gems/ruby-1.9.3-p327/gems/actionpack-3.2.8/lib/action_dispatch/middleware/templates/rescues/diagnostics.erb within rescues/layout (15.3ms)


Started GET "/monitors" for 127.0.0.1 at 2012-12-16 13:37:19 +0100
Processing by MonitorsController#index as HTML
Completed 500 Internal Server Error in 2ms

NameError (undefined local variable or method `monitors' for #<MonitorsController:0x007f27607e9e90>):
  app/controllers/monitors_controller.rb:9:in `index'


  Rendered /home/kliput/.rvm/gems/ruby-1.9.3-p327/gems/actionpack-3.2.8/lib/action_dispatch/middleware/templates/rescues/_trace.erb (2.0ms)
  Rendered /home/kliput/.rvm/gems/ruby-1.9.3-p327/gems/actionpack-3.2.8/lib/action_dispatch/middleware/templates/rescues/_request_and_response.erb (1.5ms)
  Rendered /home/kliput/.rvm/gems/ruby-1.9.3-p327/gems/actionpack-3.2.8/lib/action_dispatch/middleware/templates/rescues/diagnostics.erb within rescues/layout (16.4ms)


Started GET "/monitors" for 127.0.0.1 at 2012-12-16 13:37:40 +0100
Processing by MonitorsController#index as HTML
Completed 500 Internal Server Error in 1ms

NoMethodError (undefined method `all' for Monitor:Class):
  app/controllers/monitors_controller.rb:12:in `index'


  Rendered /home/kliput/.rvm/gems/ruby-1.9.3-p327/gems/actionpack-3.2.8/lib/action_dispatch/middleware/templates/rescues/_trace.erb (2.1ms)
  Rendered /home/kliput/.rvm/gems/ruby-1.9.3-p327/gems/actionpack-3.2.8/lib/action_dispatch/middleware/templates/rescues/_request_and_response.erb (1.5ms)
  Rendered /home/kliput/.rvm/gems/ruby-1.9.3-p327/gems/actionpack-3.2.8/lib/action_dispatch/middleware/templates/rescues/diagnostics.erb within rescues/layout (15.7ms)
